  main.cpp
C:\Users\W10\Documents\OpenGL_Mandziy\tut_Basic_Objects\main.cpp(33,31): warning C4305: инициализация: усечение из "double" в "float"
C:\Users\W10\Documents\OpenGL_Mandziy\tut_Basic_Objects\main.cpp(128,23): warning C4018: <: несоответствие типов со знаком и без знака
C:\Users\W10\Documents\OpenGL_Mandziy\tut_Basic_Objects\main.cpp(143,15): warning C4244: аргумент: преобразование "time_t" в "unsigned int", возможна потеря данных
C:\Users\W10\Documents\OpenGL_Mandziy\tut_Basic_Objects\main.cpp(175,28): warning C4244: инициализация: преобразование "double" в "float", возможна потеря данных
C:\Users\W10\Documents\OpenGL_Mandziy\tut_Basic_Objects\main.cpp(236,23): warning C4018: <: несоответствие типов со знаком и без знака
C:\Users\W10\Documents\OpenGL_Mandziy\tut_Basic_Objects\main.cpp(266,26): warning C4305: +=: усечение из "double" в "float"
C:\Users\W10\Documents\OpenGL_Mandziy\tut_Basic_Objects\main.cpp(276,26): warning C4305: -=: усечение из "double" в "float"
C:\Users\W10\Documents\OpenGL_Mandziy\tut_Basic_Objects\main.cpp(286,26): warning C4305: +=: усечение из "double" в "float"
C:\Users\W10\Documents\OpenGL_Mandziy\tut_Basic_Objects\main.cpp(300,26): warning C4305: -=: усечение из "double" в "float"
C:\Users\W10\Documents\OpenGL_Mandziy\tut_Basic_Objects\main.cpp(314,35): warning C4305: аргумент: усечение из "double" в "GLfloat"
C:\Users\W10\Documents\OpenGL_Mandziy\tut_Basic_Objects\main.cpp(317,33): warning C4305: аргумент: усечение из "double" в "GLfloat"
C:\Users\W10\Documents\OpenGL_Mandziy\tut_Basic_Objects\main.cpp(318,30): warning C4305: аргумент: усечение из "double" в "GLfloat"
C:\Users\W10\Documents\OpenGL_Mandziy\tut_Basic_Objects\main.cpp(321,33): warning C4305: аргумент: усечение из "double" в "GLfloat"
C:\Users\W10\Documents\OpenGL_Mandziy\tut_Basic_Objects\main.cpp(323,34): warning C4305: аргумент: усечение из "double" в "GLfloat"
C:\Users\W10\Documents\OpenGL_Mandziy\tut_Basic_Objects\main.cpp(326,34): warning C4305: аргумент: усечение из "double" в "GLfloat"
C:\Users\W10\Documents\OpenGL_Mandziy\tut_Basic_Objects\main.cpp(327,31): warning C4305: аргумент: усечение из "double" в "GLfloat"
C:\Users\W10\Documents\OpenGL_Mandziy\tut_Basic_Objects\main.cpp(329,30): warning C4305: аргумент: усечение из "double" в "GLfloat"
C:\Users\W10\Documents\OpenGL_Mandziy\tut_Basic_Objects\main.cpp(330,31): warning C4305: аргумент: усечение из "double" в "GLfloat"
C:\Users\W10\Documents\OpenGL_Mandziy\tut_Basic_Objects\main.cpp(331,30): warning C4305: аргумент: усечение из "double" в "GLfloat"
C:\Users\W10\Documents\OpenGL_Mandziy\tut_Basic_Objects\main.cpp(334,33): warning C4305: аргумент: усечение из "double" в "GLfloat"
C:\Users\W10\Documents\OpenGL_Mandziy\tut_Basic_Objects\main.cpp(335,34): warning C4305: аргумент: усечение из "double" в "GLfloat"
C:\Users\W10\Documents\OpenGL_Mandziy\tut_Basic_Objects\main.cpp(338,34): warning C4305: аргумент: усечение из "double" в "GLfloat"
C:\Users\W10\Documents\OpenGL_Mandziy\tut_Basic_Objects\main.cpp(339,33): warning C4305: аргумент: усечение из "double" в "GLfloat"
C:\Users\W10\Documents\OpenGL_Mandziy\tut_Basic_Objects\main.cpp(340,33): warning C4305: аргумент: усечение из "double" в "GLfloat"
C:\Users\W10\Documents\OpenGL_Mandziy\tut_Basic_Objects\main.cpp(342,33): warning C4305: аргумент: усечение из "double" в "GLfloat"
C:\Users\W10\Documents\OpenGL_Mandziy\tut_Basic_Objects\main.cpp(343,34): warning C4305: аргумент: усечение из "double" в "GLfloat"
C:\Users\W10\Documents\OpenGL_Mandziy\tut_Basic_Objects\main.cpp(344,32): warning C4305: аргумент: усечение из "double" в "GLfloat"
C:\Users\W10\Documents\OpenGL_Mandziy\tut_Basic_Objects\main.cpp(347,33): warning C4305: аргумент: усечение из "double" в "GLfloat"
C:\Users\W10\Documents\OpenGL_Mandziy\tut_Basic_Objects\main.cpp(348,35): warning C4305: аргумент: усечение из "double" в "GLfloat"
C:\Users\W10\Documents\OpenGL_Mandziy\tut_Basic_Objects\main.cpp(349,35): warning C4305: аргумент: усечение из "double" в "GLfloat"
C:\Users\W10\Documents\OpenGL_Mandziy\tut_Basic_Objects\main.cpp(359,29): warning C4305: аргумент: усечение из "double" в "GLfloat"
C:\Users\W10\Documents\OpenGL_Mandziy\tut_Basic_Objects\main.cpp(360,25): warning C4305: аргумент: усечение из "double" в "GLfloat"
C:\Users\W10\Documents\OpenGL_Mandziy\tut_Basic_Objects\main.cpp(363,25): warning C4305: аргумент: усечение из "double" в "GLfloat"
C:\Users\W10\Documents\OpenGL_Mandziy\tut_Basic_Objects\main.cpp(364,25): warning C4305: аргумент: усечение из "double" в "GLfloat"
C:\Users\W10\Documents\OpenGL_Mandziy\tut_Basic_Objects\main.cpp(365,26): warning C4305: аргумент: усечение из "double" в "GLfloat"
C:\Users\W10\Documents\OpenGL_Mandziy\tut_Basic_Objects\main.cpp(367,26): warning C4305: аргумент: усечение из "double" в "GLfloat"
C:\Users\W10\Documents\OpenGL_Mandziy\tut_Basic_Objects\main.cpp(369,25): warning C4305: аргумент: усечение из "double" в "GLfloat"
C:\Users\W10\Documents\OpenGL_Mandziy\tut_Basic_Objects\main.cpp(371,24): warning C4305: аргумент: усечение из "double" в "GLfloat"
C:\Users\W10\Documents\OpenGL_Mandziy\tut_Basic_Objects\main.cpp(372,24): warning C4305: аргумент: усечение из "double" в "GLfloat"
C:\Users\W10\Documents\OpenGL_Mandziy\tut_Basic_Objects\main.cpp(373,24): warning C4305: аргумент: усечение из "double" в "GLfloat"
C:\Users\W10\Documents\OpenGL_Mandziy\tut_Basic_Objects\main.cpp(375,25): warning C4305: аргумент: усечение из "double" в "GLfloat"
C:\Users\W10\Documents\OpenGL_Mandziy\tut_Basic_Objects\main.cpp(379,24): warning C4305: аргумент: усечение из "double" в "GLfloat"
C:\Users\W10\Documents\OpenGL_Mandziy\tut_Basic_Objects\main.cpp(380,24): warning C4305: аргумент: усечение из "double" в "GLfloat"
C:\Users\W10\Documents\OpenGL_Mandziy\tut_Basic_Objects\main.cpp(381,24): warning C4305: аргумент: усечение из "double" в "GLfloat"
C:\Users\W10\Documents\OpenGL_Mandziy\tut_Basic_Objects\main.cpp(383,24): warning C4305: аргумент: усечение из "double" в "GLfloat"
C:\Users\W10\Documents\OpenGL_Mandziy\tut_Basic_Objects\main.cpp(384,24): warning C4305: аргумент: усечение из "double" в "GLfloat"
C:\Users\W10\Documents\OpenGL_Mandziy\tut_Basic_Objects\main.cpp(385,24): warning C4305: аргумент: усечение из "double" в "GLfloat"
C:\Users\W10\Documents\OpenGL_Mandziy\tut_Basic_Objects\main.cpp(387,24): warning C4305: аргумент: усечение из "double" в "GLfloat"
C:\Users\W10\Documents\OpenGL_Mandziy\tut_Basic_Objects\main.cpp(388,24): warning C4305: аргумент: усечение из "double" в "GLfloat"
C:\Users\W10\Documents\OpenGL_Mandziy\tut_Basic_Objects\main.cpp(389,24): warning C4305: аргумент: усечение из "double" в "GLfloat"
C:\Users\W10\Documents\OpenGL_Mandziy\tut_Basic_Objects\main.cpp(391,24): warning C4305: аргумент: усечение из "double" в "GLfloat"
C:\Users\W10\Documents\OpenGL_Mandziy\tut_Basic_Objects\main.cpp(392,24): warning C4305: аргумент: усечение из "double" в "GLfloat"
C:\Users\W10\Documents\OpenGL_Mandziy\tut_Basic_Objects\main.cpp(393,24): warning C4305: аргумент: усечение из "double" в "GLfloat"
C:\Users\W10\Documents\OpenGL_Mandziy\tut_Basic_Objects\main.cpp(395,24): warning C4305: аргумент: усечение из "double" в "GLfloat"
C:\Users\W10\Documents\OpenGL_Mandziy\tut_Basic_Objects\main.cpp(396,24): warning C4305: аргумент: усечение из "double" в "GLfloat"
C:\Users\W10\Documents\OpenGL_Mandziy\tut_Basic_Objects\main.cpp(397,25): warning C4305: аргумент: усечение из "double" в "GLfloat"
C:\Users\W10\Documents\OpenGL_Mandziy\tut_Basic_Objects\main.cpp(399,25): warning C4305: аргумент: усечение из "double" в "GLfloat"
C:\Users\W10\Documents\OpenGL_Mandziy\tut_Basic_Objects\main.cpp(400,24): warning C4305: аргумент: усечение из "double" в "GLfloat"
C:\Users\W10\Documents\OpenGL_Mandziy\tut_Basic_Objects\main.cpp(401,24): warning C4305: аргумент: усечение из "double" в "GLfloat"
C:\Users\W10\Documents\OpenGL_Mandziy\tut_Basic_Objects\main.cpp(404,25): warning C4305: аргумент: усечение из "double" в "GLfloat"
C:\Users\W10\Documents\OpenGL_Mandziy\tut_Basic_Objects\main.cpp(405,25): warning C4305: аргумент: усечение из "double" в "GLfloat"
C:\Users\W10\Documents\OpenGL_Mandziy\tut_Basic_Objects\main.cpp(416,25): warning C4305: аргумент: усечение из "double" в "GLfloat"
C:\Users\W10\Documents\OpenGL_Mandziy\tut_Basic_Objects\main.cpp(421,23): warning C4305: аргумент: усечение из "double" в "GLfloat"
C:\Users\W10\Documents\OpenGL_Mandziy\tut_Basic_Objects\main.cpp(422,26): warning C4305: аргумент: усечение из "double" в "GLfloat"
C:\Users\W10\Documents\OpenGL_Mandziy\tut_Basic_Objects\main.cpp(423,26): warning C4305: аргумент: усечение из "double" в "GLfloat"
C:\Users\W10\Documents\OpenGL_Mandziy\tut_Basic_Objects\main.cpp(424,26): warning C4305: аргумент: усечение из "double" в "GLfloat"
C:\Users\W10\Documents\OpenGL_Mandziy\tut_Basic_Objects\main.cpp(425,26): warning C4305: аргумент: усечение из "double" в "GLfloat"
C:\Users\W10\Documents\OpenGL_Mandziy\tut_Basic_Objects\main.cpp(426,25): warning C4305: аргумент: усечение из "double" в "GLfloat"
C:\Users\W10\Documents\OpenGL_Mandziy\tut_Basic_Objects\main.cpp(427,26): warning C4305: аргумент: усечение из "double" в "GLfloat"
C:\Users\W10\Documents\OpenGL_Mandziy\tut_Basic_Objects\main.cpp(428,26): warning C4305: аргумент: усечение из "double" в "GLfloat"
C:\Users\W10\Documents\OpenGL_Mandziy\tut_Basic_Objects\main.cpp(429,26): warning C4305: аргумент: усечение из "double" в "GLfloat"
C:\Users\W10\Documents\OpenGL_Mandziy\tut_Basic_Objects\main.cpp(431,26): warning C4305: аргумент: усечение из "double" в "GLfloat"
C:\Users\W10\Documents\OpenGL_Mandziy\tut_Basic_Objects\main.cpp(432,26): warning C4305: аргумент: усечение из "double" в "GLfloat"
C:\Users\W10\Documents\OpenGL_Mandziy\tut_Basic_Objects\main.cpp(433,26): warning C4305: аргумент: усечение из "double" в "GLfloat"
C:\Users\W10\Documents\OpenGL_Mandziy\tut_Basic_Objects\main.cpp(434,26): warning C4305: аргумент: усечение из "double" в "GLfloat"
C:\Users\W10\Documents\OpenGL_Mandziy\tut_Basic_Objects\main.cpp(435,26): warning C4305: аргумент: усечение из "double" в "GLfloat"
C:\Users\W10\Documents\OpenGL_Mandziy\tut_Basic_Objects\main.cpp(436,26): warning C4305: аргумент: усечение из "double" в "GLfloat"
C:\Users\W10\Documents\OpenGL_Mandziy\tut_Basic_Objects\main.cpp(437,26): warning C4305: аргумент: усечение из "double" в "GLfloat"
C:\Users\W10\Documents\OpenGL_Mandziy\tut_Basic_Objects\main.cpp(438,26): warning C4305: аргумент: усечение из "double" в "GLfloat"
C:\Users\W10\Documents\OpenGL_Mandziy\tut_Basic_Objects\main.cpp(439,26): warning C4305: аргумент: усечение из "double" в "GLfloat"
C:\Users\W10\Documents\OpenGL_Mandziy\tut_Basic_Objects\main.cpp(440,26): warning C4305: аргумент: усечение из "double" в "GLfloat"
C:\Users\W10\Documents\OpenGL_Mandziy\tut_Basic_Objects\main.cpp(441,26): warning C4305: аргумент: усечение из "double" в "GLfloat"
C:\Users\W10\Documents\OpenGL_Mandziy\tut_Basic_Objects\main.cpp(442,26): warning C4305: аргумент: усечение из "double" в "GLfloat"
C:\Users\W10\Documents\OpenGL_Mandziy\tut_Basic_Objects\main.cpp(444,22): warning C4305: аргумент: усечение из "double" в "GLfloat"
C:\Users\W10\Documents\OpenGL_Mandziy\tut_Basic_Objects\main.cpp(445,22): warning C4305: аргумент: усечение из "double" в "GLfloat"
C:\Users\W10\Documents\OpenGL_Mandziy\tut_Basic_Objects\main.cpp(446,25): warning C4305: аргумент: усечение из "double" в "GLfloat"
C:\Users\W10\Documents\OpenGL_Mandziy\tut_Basic_Objects\main.cpp(447,25): warning C4305: аргумент: усечение из "double" в "GLfloat"
C:\Users\W10\Documents\OpenGL_Mandziy\tut_Basic_Objects\main.cpp(448,25): warning C4305: аргумент: усечение из "double" в "GLfloat"
C:\Users\W10\Documents\OpenGL_Mandziy\tut_Basic_Objects\main.cpp(449,25): warning C4305: аргумент: усечение из "double" в "GLfloat"
C:\Users\W10\Documents\OpenGL_Mandziy\tut_Basic_Objects\main.cpp(450,24): warning C4305: аргумент: усечение из "double" в "GLfloat"
C:\Users\W10\Documents\OpenGL_Mandziy\tut_Basic_Objects\main.cpp(451,25): warning C4305: аргумент: усечение из "double" в "GLfloat"
C:\Users\W10\Documents\OpenGL_Mandziy\tut_Basic_Objects\main.cpp(452,25): warning C4305: аргумент: усечение из "double" в "GLfloat"
C:\Users\W10\Documents\OpenGL_Mandziy\tut_Basic_Objects\main.cpp(453,25): warning C4305: аргумент: усечение из "double" в "GLfloat"
C:\Users\W10\Documents\OpenGL_Mandziy\tut_Basic_Objects\main.cpp(455,25): warning C4305: аргумент: усечение из "double" в "GLfloat"
C:\Users\W10\Documents\OpenGL_Mandziy\tut_Basic_Objects\main.cpp(456,25): warning C4305: аргумент: усечение из "double" в "GLfloat"
C:\Users\W10\Documents\OpenGL_Mandziy\tut_Basic_Objects\main.cpp(457,25): warning C4305: аргумент: усечение из "double" в "GLfloat"
C:\Users\W10\Documents\OpenGL_Mandziy\tut_Basic_Objects\main.cpp(458,25): warning C4305: аргумент: усечение из "double" в "GLfloat"
C:\Users\W10\Documents\OpenGL_Mandziy\tut_Basic_Objects\main.cpp(459,25): warning C4305: аргумент: усечение из "double" в "GLfloat"
C:\Users\W10\Documents\OpenGL_Mandziy\tut_Basic_Objects\main.cpp(460,25): warning C4305: аргумент: усечение из "double" в "GLfloat"
C:\Users\W10\Documents\OpenGL_Mandziy\tut_Basic_Objects\main.cpp(461,25): warning C4305: аргумент: усечение из "double" в "GLfloat"
C:\Users\W10\Documents\OpenGL_Mandziy\tut_Basic_Objects\main.cpp(462,25): warning C4305: аргумент: усечение из "double" в "GLfloat"
C:\Users\W10\Documents\OpenGL_Mandziy\tut_Basic_Objects\main.cpp(463,27): warning C4305: аргумент: усечение из "double" в "GLfloat"
C:\Users\W10\Documents\OpenGL_Mandziy\tut_Basic_Objects\main.cpp(464,27): warning C4305: аргумент: усечение из "double" в "GLfloat"
C:\Users\W10\Documents\OpenGL_Mandziy\tut_Basic_Objects\main.cpp(465,27): warning C4305: аргумент: усечение из "double" в "GLfloat"
C:\Users\W10\Documents\OpenGL_Mandziy\tut_Basic_Objects\main.cpp(466,25): warning C4305: аргумент: усечение из "double" в "GLfloat"
C:\Users\W10\Documents\OpenGL_Mandziy\tut_Basic_Objects\main.cpp(468,23): warning C4305: аргумент: усечение из "double" в "GLfloat"
C:\Users\W10\Documents\OpenGL_Mandziy\tut_Basic_Objects\main.cpp(469,27): warning C4305: аргумент: усечение из "double" в "GLfloat"
C:\Users\W10\Documents\OpenGL_Mandziy\tut_Basic_Objects\main.cpp(470,27): warning C4305: аргумент: усечение из "double" в "GLfloat"
C:\Users\W10\Documents\OpenGL_Mandziy\tut_Basic_Objects\main.cpp(471,27): warning C4305: аргумент: усечение из "double" в "GLfloat"
C:\Users\W10\Documents\OpenGL_Mandziy\tut_Basic_Objects\main.cpp(472,27): warning C4305: аргумент: усечение из "double" в "GLfloat"
C:\Users\W10\Documents\OpenGL_Mandziy\tut_Basic_Objects\main.cpp(473,26): warning C4305: аргумент: усечение из "double" в "GLfloat"
C:\Users\W10\Documents\OpenGL_Mandziy\tut_Basic_Objects\main.cpp(474,27): warning C4305: аргумент: усечение из "double" в "GLfloat"
C:\Users\W10\Documents\OpenGL_Mandziy\tut_Basic_Objects\main.cpp(475,27): warning C4305: аргумент: усечение из "double" в "GLfloat"
C:\Users\W10\Documents\OpenGL_Mandziy\tut_Basic_Objects\main.cpp(476,27): warning C4305: аргумент: усечение из "double" в "GLfloat"
C:\Users\W10\Documents\OpenGL_Mandziy\tut_Basic_Objects\main.cpp(478,27): warning C4305: аргумент: усечение из "double" в "GLfloat"
C:\Users\W10\Documents\OpenGL_Mandziy\tut_Basic_Objects\main.cpp(479,27): warning C4305: аргумент: усечение из "double" в "GLfloat"
C:\Users\W10\Documents\OpenGL_Mandziy\tut_Basic_Objects\main.cpp(480,27): warning C4305: аргумент: усечение из "double" в "GLfloat"
C:\Users\W10\Documents\OpenGL_Mandziy\tut_Basic_Objects\main.cpp(481,27): warning C4305: аргумент: усечение из "double" в "GLfloat"
C:\Users\W10\Documents\OpenGL_Mandziy\tut_Basic_Objects\main.cpp(482,27): warning C4305: аргумент: усечение из "double" в "GLfloat"
C:\Users\W10\Documents\OpenGL_Mandziy\tut_Basic_Objects\main.cpp(483,27): warning C4305: аргумент: усечение из "double" в "GLfloat"
C:\Users\W10\Documents\OpenGL_Mandziy\tut_Basic_Objects\main.cpp(484,27): warning C4305: аргумент: усечение из "double" в "GLfloat"
C:\Users\W10\Documents\OpenGL_Mandziy\tut_Basic_Objects\main.cpp(485,27): warning C4305: аргумент: усечение из "double" в "GLfloat"
C:\Users\W10\Documents\OpenGL_Mandziy\tut_Basic_Objects\main.cpp(486,27): warning C4305: аргумент: усечение из "double" в "GLfloat"
C:\Users\W10\Documents\OpenGL_Mandziy\tut_Basic_Objects\main.cpp(487,27): warning C4305: аргумент: усечение из "double" в "GLfloat"
C:\Users\W10\Documents\OpenGL_Mandziy\tut_Basic_Objects\main.cpp(488,27): warning C4305: аргумент: усечение из "double" в "GLfloat"
C:\Users\W10\Documents\OpenGL_Mandziy\tut_Basic_Objects\main.cpp(489,27): warning C4305: аргумент: усечение из "double" в "GLfloat"
C:\Users\W10\Documents\OpenGL_Mandziy\tut_Basic_Objects\main.cpp(491,23): warning C4305: аргумент: усечение из "double" в "GLfloat"
C:\Users\W10\Documents\OpenGL_Mandziy\tut_Basic_Objects\main.cpp(492,23): warning C4305: аргумент: усечение из "double" в "GLfloat"
C:\Users\W10\Documents\OpenGL_Mandziy\tut_Basic_Objects\main.cpp(493,26): warning C4305: аргумент: усечение из "double" в "GLfloat"
C:\Users\W10\Documents\OpenGL_Mandziy\tut_Basic_Objects\main.cpp(494,26): warning C4305: аргумент: усечение из "double" в "GLfloat"
C:\Users\W10\Documents\OpenGL_Mandziy\tut_Basic_Objects\main.cpp(495,26): warning C4305: аргумент: усечение из "double" в "GLfloat"
C:\Users\W10\Documents\OpenGL_Mandziy\tut_Basic_Objects\main.cpp(496,26): warning C4305: аргумент: усечение из "double" в "GLfloat"
C:\Users\W10\Documents\OpenGL_Mandziy\tut_Basic_Objects\main.cpp(497,25): warning C4305: аргумент: усечение из "double" в "GLfloat"
C:\Users\W10\Documents\OpenGL_Mandziy\tut_Basic_Objects\main.cpp(498,26): warning C4305: аргумент: усечение из "double" в "GLfloat"
C:\Users\W10\Documents\OpenGL_Mandziy\tut_Basic_Objects\main.cpp(499,26): warning C4305: аргумент: усечение из "double" в "GLfloat"
C:\Users\W10\Documents\OpenGL_Mandziy\tut_Basic_Objects\main.cpp(500,26): warning C4305: аргумент: усечение из "double" в "GLfloat"
C:\Users\W10\Documents\OpenGL_Mandziy\tut_Basic_Objects\main.cpp(502,26): warning C4305: аргумент: усечение из "double" в "GLfloat"
C:\Users\W10\Documents\OpenGL_Mandziy\tut_Basic_Objects\main.cpp(503,26): warning C4305: аргумент: усечение из "double" в "GLfloat"
C:\Users\W10\Documents\OpenGL_Mandziy\tut_Basic_Objects\main.cpp(504,26): warning C4305: аргумент: усечение из "double" в "GLfloat"
C:\Users\W10\Documents\OpenGL_Mandziy\tut_Basic_Objects\main.cpp(505,26): warning C4305: аргумент: усечение из "double" в "GLfloat"
C:\Users\W10\Documents\OpenGL_Mandziy\tut_Basic_Objects\main.cpp(506,26): warning C4305: аргумент: усечение из "double" в "GLfloat"
C:\Users\W10\Documents\OpenGL_Mandziy\tut_Basic_Objects\main.cpp(507,26): warning C4305: аргумент: усечение из "double" в "GLfloat"
C:\Users\W10\Documents\OpenGL_Mandziy\tut_Basic_Objects\main.cpp(508,26): warning C4305: аргумент: усечение из "double" в "GLfloat"
C:\Users\W10\Documents\OpenGL_Mandziy\tut_Basic_Objects\main.cpp(509,26): warning C4305: аргумент: усечение из "double" в "GLfloat"
C:\Users\W10\Documents\OpenGL_Mandziy\tut_Basic_Objects\main.cpp(510,28): warning C4305: аргумент: усечение из "double" в "GLfloat"
C:\Users\W10\Documents\OpenGL_Mandziy\tut_Basic_Objects\main.cpp(511,28): warning C4305: аргумент: усечение из "double" в "GLfloat"
C:\Users\W10\Documents\OpenGL_Mandziy\tut_Basic_Objects\main.cpp(512,28): warning C4305: аргумент: усечение из "double" в "GLfloat"
C:\Users\W10\Documents\OpenGL_Mandziy\tut_Basic_Objects\main.cpp(513,26): warning C4305: аргумент: усечение из "double" в "GLfloat"
C:\Users\W10\Documents\OpenGL_Mandziy\tut_Basic_Objects\main.cpp(518,26): warning C4305: аргумент: усечение из "double" в "GLfloat"
C:\Users\W10\Documents\OpenGL_Mandziy\tut_Basic_Objects\main.cpp(519,26): warning C4305: аргумент: усечение из "double" в "GLfloat"
C:\Users\W10\Documents\OpenGL_Mandziy\tut_Basic_Objects\main.cpp(520,26): warning C4305: аргумент: усечение из "double" в "GLfloat"
C:\Users\W10\Documents\OpenGL_Mandziy\tut_Basic_Objects\main.cpp(521,26): warning C4305: аргумент: усечение из "double" в "GLfloat"
C:\Users\W10\Documents\OpenGL_Mandziy\tut_Basic_Objects\main.cpp(522,26): warning C4305: аргумент: усечение из "double" в "GLfloat"
C:\Users\W10\Documents\OpenGL_Mandziy\tut_Basic_Objects\main.cpp(523,26): warning C4305: аргумент: усечение из "double" в "GLfloat"
C:\Users\W10\Documents\OpenGL_Mandziy\tut_Basic_Objects\main.cpp(525,25): warning C4305: аргумент: усечение из "double" в "GLfloat"
C:\Users\W10\Documents\OpenGL_Mandziy\tut_Basic_Objects\main.cpp(526,25): warning C4305: аргумент: усечение из "double" в "GLfloat"
C:\Users\W10\Documents\OpenGL_Mandziy\tut_Basic_Objects\main.cpp(527,25): warning C4305: аргумент: усечение из "double" в "GLfloat"
C:\Users\W10\Documents\OpenGL_Mandziy\tut_Basic_Objects\main.cpp(528,25): warning C4305: аргумент: усечение из "double" в "GLfloat"
C:\Users\W10\Documents\OpenGL_Mandziy\tut_Basic_Objects\main.cpp(529,25): warning C4305: аргумент: усечение из "double" в "GLfloat"
C:\Users\W10\Documents\OpenGL_Mandziy\tut_Basic_Objects\main.cpp(530,25): warning C4305: аргумент: усечение из "double" в "GLfloat"
C:\Users\W10\Documents\OpenGL_Mandziy\tut_Basic_Objects\main.cpp(531,26): warning C4305: аргумент: усечение из "double" в "GLfloat"
C:\Users\W10\Documents\OpenGL_Mandziy\tut_Basic_Objects\main.cpp(532,26): warning C4305: аргумент: усечение из "double" в "GLfloat"
C:\Users\W10\Documents\OpenGL_Mandziy\tut_Basic_Objects\main.cpp(533,26): warning C4305: аргумент: усечение из "double" в "GLfloat"
C:\Users\W10\Documents\OpenGL_Mandziy\tut_Basic_Objects\main.cpp(534,27): warning C4305: аргумент: усечение из "double" в "GLfloat"
C:\Users\W10\Documents\OpenGL_Mandziy\tut_Basic_Objects\main.cpp(535,27): warning C4305: аргумент: усечение из "double" в "GLfloat"
C:\Users\W10\Documents\OpenGL_Mandziy\tut_Basic_Objects\main.cpp(541,24): warning C4305: аргумент: усечение из "double" в "GLfloat"
C:\Users\W10\Documents\OpenGL_Mandziy\tut_Basic_Objects\main.cpp(542,25): warning C4305: аргумент: усечение из "double" в "GLfloat"
C:\Users\W10\Documents\OpenGL_Mandziy\tut_Basic_Objects\main.cpp(543,25): warning C4305: аргумент: усечение из "double" в "GLfloat"
C:\Users\W10\Documents\OpenGL_Mandziy\tut_Basic_Objects\main.cpp(544,24): warning C4305: аргумент: усечение из "double" в "GLfloat"
C:\Users\W10\Documents\OpenGL_Mandziy\tut_Basic_Objects\main.cpp(550,28): warning C4305: аргумент: усечение из "double" в "GLfloat"
C:\Users\W10\Documents\OpenGL_Mandziy\tut_Basic_Objects\main.cpp(551,26): warning C4305: аргумент: усечение из "double" в "GLfloat"
C:\Users\W10\Documents\OpenGL_Mandziy\tut_Basic_Objects\main.cpp(552,28): warning C4305: аргумент: усечение из "double" в "GLfloat"
C:\Users\W10\Documents\OpenGL_Mandziy\tut_Basic_Objects\main.cpp(553,28): warning C4305: аргумент: усечение из "double" в "GLfloat"
C:\Users\W10\Documents\OpenGL_Mandziy\tut_Basic_Objects\main.cpp(561,26): warning C4305: аргумент: усечение из "double" в "GLfloat"
C:\Users\W10\Documents\OpenGL_Mandziy\tut_Basic_Objects\main.cpp(562,27): warning C4305: аргумент: усечение из "double" в "GLfloat"
C:\Users\W10\Documents\OpenGL_Mandziy\tut_Basic_Objects\main.cpp(569,26): warning C4305: аргумент: усечение из "double" в "GLfloat"
C:\Users\W10\Documents\OpenGL_Mandziy\tut_Basic_Objects\main.cpp(570,26): warning C4305: аргумент: усечение из "double" в "GLfloat"
C:\Users\W10\Documents\OpenGL_Mandziy\tut_Basic_Objects\main.cpp(575,26): warning C4305: аргумент: усечение из "double" в "GLfloat"
C:\Users\W10\Documents\OpenGL_Mandziy\tut_Basic_Objects\main.cpp(576,27): warning C4305: аргумент: усечение из "double" в "GLfloat"
C:\Users\W10\Documents\OpenGL_Mandziy\tut_Basic_Objects\main.cpp(577,27): warning C4305: аргумент: усечение из "double" в "GLfloat"
C:\Users\W10\Documents\OpenGL_Mandziy\tut_Basic_Objects\main.cpp(583,26): warning C4305: аргумент: усечение из "double" в "GLfloat"
C:\Users\W10\Documents\OpenGL_Mandziy\tut_Basic_Objects\main.cpp(584,27): warning C4305: аргумент: усечение из "double" в "GLfloat"
C:\Users\W10\Documents\OpenGL_Mandziy\tut_Basic_Objects\main.cpp(585,26): warning C4305: аргумент: усечение из "double" в "GLfloat"
C:\Users\W10\Documents\OpenGL_Mandziy\tut_Basic_Objects\main.cpp(596,22): warning C4305: аргумент: усечение из "double" в "GLfloat"
C:\Users\W10\Documents\OpenGL_Mandziy\tut_Basic_Objects\main.cpp(597,23): warning C4305: аргумент: усечение из "double" в "GLfloat"
C:\Users\W10\Documents\OpenGL_Mandziy\tut_Basic_Objects\main.cpp(604,22): warning C4305: аргумент: усечение из "double" в "GLfloat"
C:\Users\W10\Documents\OpenGL_Mandziy\tut_Basic_Objects\main.cpp(605,23): warning C4305: аргумент: усечение из "double" в "GLfloat"
  tut_Basic_Objects.vcxproj -> C:\Users\W10\Documents\OpenGL_Mandziy\Debug\tut_Basic_Objects.exe
